nftset=/youtu.be/4#inet#fw4#vpn_domains
nftset=/youtube-nocookie.com/4#inet#fw4#vpn_domains
nftset=/youtube.com/4#inet#fw4#vpn_domains
nftset=/youtubeembeddedplayer.googleapis.com/4#inet#fw4#vpn_domains
nftset=/youtubei.googleapis.com/4#inet#fw4#vpn_domains
nftset=/youtubekids.com/4#inet#fw4#vpn_domains
nftset=/xhamster.com/4#inet#fw4#vpn_domains
nftset=/xhamsterlive.com/4#inet#fw4#vpn_domains
nftset=/xnxx.com/4#inet#fw4#vpn_domains
nftset=/xv-ru.com/4#inet#fw4#vpn_domains
nftset=/xvideos-cdn.com/4#inet#fw4#vpn_domains
nftset=/xvideos.com/4#inet#fw4#vpn_domains
nftset=/cdninstagram.com/4#inet#fw4#vpn_domains
nftset=/instagram.com/4#inet#fw4#vpn_domains
nftset=/4pda.ru/4#inet#fw4#vpn_domains
nftset=/4pda.to/4#inet#fw4#vpn_domains
nftset=/ytimg.com/4#inet#fw4#vpn_domains
nftset=/ggpht.com/4#inet#fw4#vpn_domains
nftset=/googlevideo.com/4#inet#fw4#vpn_domains
nftset=/wide-youtube.l.google.com/4#inet#fw4#vpn_domains
nftset=/ytimg.l.google.com/4#inet#fw4#vpn_domains
nftset=/dis.gd/4#inet#fw4#vpn_domains
nftset=/discord-activities.com/4#inet#fw4#vpn_domains
nftset=/discord-attachments-uploads-prd.storage.googleapis.com/4#inet#fw4#vpn_domains
nftset=/discord.co/4#inet#fw4#vpn_domains
nftset=/discord.com/4#inet#fw4#vpn_domains
nftset=/discord.design/4#inet#fw4#vpn_domains
nftset=/discord.dev/4#inet#fw4#vpn_domains
nftset=/discord.gg/4#inet#fw4#vpn_domains
nftset=/discord.gift/4#inet#fw4#vpn_domains
nftset=/discord.gifts/4#inet#fw4#vpn_domains
nftset=/discord.media/4#inet#fw4#vpn_domains
nftset=/discord.new/4#inet#fw4#vpn_domains
nftset=/discord.store/4#inet#fw4#vpn_domains
nftset=/discord.tools/4#inet#fw4#vpn_domains
nftset=/discordactivities.com/4#inet#fw4#vpn_domains
nftset=/discordapp.com/4#inet#fw4#vpn_domains
nftset=/discordapp.io/4#inet#fw4#vpn_domains
nftset=/discordapp.net/4#inet#fw4#vpn_domains
nftset=/discordapp.org/4#inet#fw4#vpn_domains
nftset=/discordmerch.com/4#inet#fw4#vpn_domains
nftset=/discordpartygames.com/4#inet#fw4#vpn_domains
nftset=/discordsays.com/4#inet#fw4#vpn_domains
nftset=/discordstatus.com/4#inet#fw4#vpn_domains
nftset=/discours.io/4#inet#fw4#vpn_domains
nftset=/disctech.com/4#inet#fw4#vpn_domains
